==351022== Memcheck, a memory error detector
==351022== Copyright (C) 2002-2017, and GNU GPL'd, by Julian Seward et al.
==351022== Using Valgrind-3.18.1 and LibVEX; rerun with -h for copyright info
==351022== Command: ./philo_ok/philo 4 310 200 100 2
==351022== 
==351022== 
==351022== Process terminating with default action of signal 15 (SIGTERM)
==351022==    at 0x495A7F6: clock_nanosleep@@GLIBC_2.17 (clock_nanosleep.c:78)
==351022==    by 0x495F676: nanosleep (nanosleep.c:25)
==351022==    by 0x4990F2E: usleep (usleep.c:31)
==351022==    by 0x401AB9: ft_sleep (utils.c:46)
==351022==    by 0x4015A2: eating (states.c:65)
==351022==    by 0x4012B4: routine (philosopher.c:90)
==351022==    by 0x4909AC2: start_thread (pthread_create.c:442)
==351022==    by 0x499AA03: clone (clone.S:100)
==351022== 
==351022== HEAP SUMMARY:
==351022==     in use at exit: 6,008 bytes in 9 blocks
==351022==   total heap usage: 9 allocs, 0 frees, 6,008 bytes allocated
==351022== 
==351022== 272 bytes in 1 blocks are possibly lost in loss record 4 of 6
==351022==    at 0x484DA83: calloc (in /usr/libexec/valgrind/vgpreload_memcheck-amd64-linux.so)
==351022==    by 0x40147D9: calloc (rtld-malloc.h:44)
==351022==    by 0x40147D9: allocate_dtv (dl-tls.c:375)
==351022==    by 0x40147D9: _dl_allocate_tls (dl-tls.c:634)
==351022==    by 0x490A7B4: allocate_stack (allocatestack.c:430)
==351022==    by 0x490A7B4: pthread_create@@GLIBC_2.34 (pthread_create.c:647)
==351022==    by 0x40190C: init_thread (init.c:42)
==351022==    by 0x40190C: start0 (init.c:75)
==351022==    by 0x40190C: init (init.c:90)
==351022==    by 0x401457: main (main.c:12)
==351022== 
==351022== 1,088 bytes in 4 blocks are possibly lost in loss record 5 of 6
==351022==    at 0x484DA83: calloc (in /usr/libexec/valgrind/vgpreload_memcheck-amd64-linux.so)
==351022==    by 0x40147D9: calloc (rtld-malloc.h:44)
==351022==    by 0x40147D9: allocate_dtv (dl-tls.c:375)
==351022==    by 0x40147D9: _dl_allocate_tls (dl-tls.c:634)
==351022==    by 0x490A7B4: allocate_stack (allocatestack.c:430)
==351022==    by 0x490A7B4: pthread_create@@GLIBC_2.34 (pthread_create.c:647)
==351022==    by 0x40122A: philos_creation (philosopher.c:107)
==351022==    by 0x401904: init_thread (init.c:41)
==351022==    by 0x401904: start0 (init.c:75)
==351022==    by 0x401904: init (init.c:90)
==351022==    by 0x401457: main (main.c:12)
==351022== 
==351022== LEAK SUMMARY:
==351022==    definitely lost: 0 bytes in 0 blocks
==351022==    indirectly lost: 0 bytes in 0 blocks
==351022==      possibly lost: 1,360 bytes in 5 blocks
==351022==    still reachable: 4,648 bytes in 4 blocks
==351022==         suppressed: 0 bytes in 0 blocks
==351022== Reachable blocks (those to which a pointer was found) are not shown.
==351022== To see them, rerun with: --leak-check=full --show-leak-kinds=all
==351022== 
==351022== For lists of detected and suppressed errors, rerun with: -s
==351022== ERROR SUMMARY: 6 errors from 6 contexts (suppressed: 0 from 0)
